This file contains any messages produced by compilers while
running configure, to aid debugging if configure makes a mistake.

It was created by configure, which was
generated by GNU Autoconf 2.69.  Invocation command line was

  $ ./configure --prefix=/home/rdp/sipvg --host=arm-none-linux-gnueabi --enable-shared --disable-static host_alias=arm-none-linux-gnueabi --no-create --no-recursion

## --------- ##
## Platform. ##
## --------- ##

hostname = rdp-virtual-machine
uname -m = x86_64
uname -r = 3.13.0-32-generic
uname -s = Linux
uname -v = #57-Ubuntu SMP Tue Jul 15 03:51:08 UTC 2014

/usr/bin/uname -p = unknown
/bin/uname -X     = unknown

/bin/arch              = unknown
/usr/bin/arch -k       = unknown
/usr/convex/getsysinfo = unknown
/usr/bin/hostinfo      = unknown
/bin/machine           = unknown
/usr/bin/oslevel       = unknown
/bin/universe          = unknown

PATH: /home/rdp/bin
PATH: /usr/local/sbin
PATH: /usr/local/bin
PATH: /usr/sbin
PATH: /usr/bin
PATH: /sbin
PATH: /bin
PATH: /usr/games
PATH: /usr/local/games
PATH: /home/rdp/work/arm-2009q1/bin


## ----------- ##
## Core tests. ##
## ----------- ##

configure:2740: checking build system type
configure:2754: result: x86_64-unknown-linux-gnu
configure:2774: checking host system type
configure:2787: result: arm-none-linux-gnueabi
configure:2822: checking for a BSD-compatible install
configure:2890: result: /usr/bin/install -c
configure:2901: checking whether build environment is sane
configure:2938: result: yes
configure:3000: checking for gawk
configure:3030: result: no
configure:3000: checking for mawk
configure:3016: found /usr/bin/mawk
configure:3027: result: mawk
configure:3038: checking whether make sets $(MAKE)
configure:3060: result: yes
configure:3134: checking for arm-none-linux-gnueabi-strip
configure:3150: found /home/rdp/work/arm-2009q1/bin/arm-none-linux-gnueabi-strip
configure:3161: result: arm-none-linux-gnueabi-strip
configure:3255: checking for cross-compiler
configure:3264: result: arm-none-linux-gnueabi-gcc
configure:3277: checking for arm-none-linux-gnueabi-gcc
configure:3304: result: arm-none-linux-gnueabi-gcc
configure:3573: checking for C compiler version
configure:3582: arm-none-linux-gnueabi-gcc --version >&5
arm-none-linux-gnueabi-gcc (Sourcery G++ Lite 2009q1-203) 4.3.3
Copyright (C) 2008 Free Software Foundation, Inc.
This is free software; see the source for copying conditions.  There is NO
warranty; not even for MERCHANTABILITY or FITNESS FOR A PARTICULAR PURPOSE.

configure:3593: $? = 0
configure:3582: arm-none-linux-gnueabi-gcc -v >&5
Using built-in specs.
Target: arm-none-linux-gnueabi
Configured with: /scratch/mitchell/builds/4.3-arm-none-linux-gnueabi-respin/src/gcc-4.3/configure --build=i686-pc-linux-gnu --host=i686-pc-linux-gnu --target=arm-none-linux-gnueabi --enable-threads --disable-libmudflap --disable-libssp --disable-libstdcxx-pch --with-gnu-as --with-gnu-ld --with-specs='%{funwind-tables|fno-unwind-tables|mabi=*|ffreestanding|nostdlib:;:-funwind-tables}' --enable-languages=c,c++ --enable-shared --enable-symvers=gnu --enable-__cxa_atexit --with-pkgversion='Sourcery G++ Lite 2009q1-203' --with-bugurl=https://support.codesourcery.com/GNUToolchain/ --disable-nls --prefix=/opt/codesourcery --with-sysroot=/opt/codesourcery/arm-none-linux-gnueabi/libc --with-build-sysroot=/scratch/mitchell/builds/4.3-arm-none-linux-gnueabi-respin/lite/install/arm-none-linux-gnueabi/libc --with-gmp=/scratch/mitchell/builds/4.3-arm-none-linux-gnueabi-respin/lite/obj/host-libs-2009q1-203-arm-none-linux-gnueabi-i686-pc-linux-gnu/usr --with-mpfr=/scratch/mitchell/builds/4.3-arm-none-linux-gnueabi-respin/lite/obj/host-libs-2009q1-203-arm-none-linux-gnueabi-i686-pc-linux-gnu/usr --disable-libgomp --enable-poison-system-directories --with-build-time-tools=/scratch/mitchell/builds/4.3-arm-none-linux-gnueabi-respin/lite/install/arm-none-linux-gnueabi/bin --with-build-time-tools=/scratch/mitchell/builds/4.3-arm-none-linux-gnueabi-respin/lite/install/arm-none-linux-gnueabi/bin
Thread model: posix
gcc version 4.3.3 (Sourcery G++ Lite 2009q1-203) 
configure:3593: $? = 0
configure:3582: arm-none-linux-gnueabi-gcc -V >&5
arm-none-linux-gnueabi-gcc: '-V' option must have argument
configure:3593: $? = 1
configure:3582: arm-none-linux-gnueabi-gcc -qversion >&5
arm-none-linux-gnueabi-gcc: unrecognized option '-qversion'
arm-none-linux-gnueabi-gcc: no input files
configure:3593: $? = 1
configure:3613: checking whether the C compiler works
configure:3635: arm-none-linux-gnueabi-gcc    conftest.c  >&5
configure:3639: $? = 0
configure:3687: result: yes
configure:3690: checking for C compiler default output file name
configure:3692: result: a.out
configure:3698: checking for suffix of executables
configure:3705: arm-none-linux-gnueabi-gcc -o conftest    conftest.c  >&5
configure:3709: $? = 0
configure:3731: result: 
configure:3753: checking whether we are cross compiling
configure:3761: arm-none-linux-gnueabi-gcc -o conftest    conftest.c  >&5
configure:3765: $? = 0
configure:3772: ./conftest
./configure: line 3774: ./conftest: cannot execute binary file: Exec format error
configure:3776: $? = 126
configure:3791: result: yes
configure:3796: checking for suffix of object files
configure:3818: arm-none-linux-gnueabi-gcc -c   conftest.c >&5
configure:3822: $? = 0
configure:3843: result: o
configure:3847: checking whether we are using the GNU C compiler
configure:3866: arm-none-linux-gnueabi-gcc -c   conftest.c >&5
configure:3866: $? = 0
configure:3875: result: yes
configure:3884: checking whether arm-none-linux-gnueabi-gcc accepts -g
configure:3904: arm-none-linux-gnueabi-gcc -c -g  conftest.c >&5
configure:3904: $? = 0
configure:3945: result: yes
configure:3962: checking for arm-none-linux-gnueabi-gcc option to accept ISO C89
configure:4025: arm-none-linux-gnueabi-gcc  -c -g -O2  conftest.c >&5
configure:4025: $? = 0
configure:4038: result: none needed
configure:4069: checking for style of include used by make
configure:4097: result: GNU
configure:4125: checking dependency style of arm-none-linux-gnueabi-gcc
configure:4215: result: gcc3
configure:4237: checking how to run the C preprocessor
configure:4268: arm-none-linux-gnueabi-gcc -E  conftest.c
configure:4268: $? = 0
configure:4282: arm-none-linux-gnueabi-gcc -E  conftest.c
conftest.c:11:28: error: ac_nonexistent.h: No such file or directory
configure:4282: $? = 1
configure: failed program was:
| /* confdefs.h */
| #define PACKAGE_NAME ""
| #define PACKAGE_TARNAME ""
| #define PACKAGE_VERSION ""
| #define PACKAGE_STRING ""
| #define PACKAGE_BUGREPORT ""
| #define PACKAGE_URL ""
| #define PACKAGE "alsa-lib"
| #define VERSION "1.0.21"
| /* end confdefs.h.  */
| #include <ac_nonexistent.h>
configure:4307: result: arm-none-linux-gnueabi-gcc -E
configure:4327: arm-none-linux-gnueabi-gcc -E  conftest.c
configure:4327: $? = 0
configure:4341: arm-none-linux-gnueabi-gcc -E  conftest.c
conftest.c:11:28: error: ac_nonexistent.h: No such file or directory
configure:4341: $? = 1
configure: failed program was:
| /* confdefs.h */
| #define PACKAGE_NAME ""
| #define PACKAGE_TARNAME ""
| #define PACKAGE_VERSION ""
| #define PACKAGE_STRING ""
| #define PACKAGE_BUGREPORT ""
| #define PACKAGE_URL ""
| #define PACKAGE "alsa-lib"
| #define VERSION "1.0.21"
| /* end confdefs.h.  */
| #include <ac_nonexistent.h>
configure:4370: checking whether ln -s works
configure:4374: result: yes
configure:4456: checking for a sed that does not truncate output
configure:4510: result: /bin/sed
configure:4513: checking for grep that handles long lines and -e
configure:4571: result: /bin/grep
configure:4576: checking for egrep
configure:4638: result: /bin/grep -E
configure:4654: checking for ld used by arm-none-linux-gnueabi-gcc
configure:4721: result: /home/rdp/work/arm-2009q1/arm-none-linux-gnueabi/bin/ld
configure:4728: checking if the linker (/home/rdp/work/arm-2009q1/arm-none-linux-gnueabi/bin/ld) is GNU ld
configure:4743: result: yes
configure:4748: checking for /home/rdp/work/arm-2009q1/arm-none-linux-gnueabi/bin/ld option to reload object files
configure:4755: result: -r
configure:4773: checking for BSD-compatible nm
configure:4822: result: /home/rdp/work/arm-2009q1/bin/arm-none-linux-gnueabi-nm -B
configure:4826: checking how to recognise dependent libraries
configure:5002: result: pass_all
configure:5207: checking for ANSI C header files
configure:5227: arm-none-linux-gnueabi-gcc -c -g -O2  conftest.c >&5
configure:5227: $? = 0
configure:5311: result: yes
configure:5324: checking for sys/types.h
configure:5324: arm-none-linux-gnueabi-gcc -c -g -O2  conftest.c >&5
configure:5324: $? = 0
configure:5324: result: yes
configure:5324: checking for sys/stat.h
configure:5324: arm-none-linux-gnueabi-gcc -c -g -O2  conftest.c >&5
configure:5324: $? = 0
configure:5324: result: yes
configure:5324: checking for stdlib.h
configure:5324: arm-none-linux-gnueabi-gcc -c -g -O2  conftest.c >&5
configure:5324: $? = 0
configure:5324: result: yes
configure:5324: checking for string.h
configure:5324: arm-none-linux-gnueabi-gcc -c -g -O2  conftest.c >&5
configure:5324: $? = 0
configure:5324: result: yes
configure:5324: checking for memory.h
configure:5324: arm-none-linux-gnueabi-gcc -c -g -O2  conftest.c >&5
configure:5324: $? = 0
configure:5324: result: yes
configure:5324: checking for strings.h
configure:5324: arm-none-linux-gnueabi-gcc -c -g -O2  conftest.c >&5
configure:5324: $? = 0
configure:5324: result: yes
configure:5324: checking for inttypes.h
configure:5324: arm-none-linux-gnueabi-gcc -c -g -O2  conftest.c >&5
configure:5324: $? = 0
configure:5324: result: yes
configure:5324: checking for stdint.h
configure:5324: arm-none-linux-gnueabi-gcc -c -g -O2  conftest.c >&5
configure:5324: $? = 0
configure:5324: result: yes
configure:5324: checking for unistd.h
configure:5324: arm-none-linux-gnueabi-gcc -c -g -O2  conftest.c >&5
configure:5324: $? = 0
configure:5324: result: yes
configure:5338: checking dlfcn.h usability
configure:5338: arm-none-linux-gnueabi-gcc -c -g -O2  conftest.c >&5
configure:5338: $? = 0
configure:5338: result: yes
configure:5338: checking dlfcn.h presence
configure:5338: arm-none-linux-gnueabi-gcc -E  conftest.c
configure:5338: $? = 0
configure:5338: result: yes
configure:5338: checking for dlfcn.h
configure:5338: result: yes
configure:5362: checking for arm-none-linux-gnueabi-g++
configure:5378: found /home/rdp/work/arm-2009q1/bin/arm-none-linux-gnueabi-g++
configure:5389: result: arm-none-linux-gnueabi-g++
configure:5460: checking for C++ compiler version
configure:5469: arm-none-linux-gnueabi-g++ --version >&5
arm-none-linux-gnueabi-g++ (Sourcery G++ Lite 2009q1-203) 4.3.3
Copyright (C) 2008 Free Software Foundation, Inc.
This is free software; see the source for copying conditions.  There is NO
warranty; not even for MERCHANTABILITY or FITNESS FOR A PARTICULAR PURPOSE.

configure:5480: $? = 0
configure:5469: arm-none-linux-gnueabi-g++ -v >&5
Using built-in specs.
Target: arm-none-linux-gnueabi
Configured with: /scratch/mitchell/builds/4.3-arm-none-linux-gnueabi-respin/src/gcc-4.3/configure --build=i686-pc-linux-gnu --host=i686-pc-linux-gnu --target=arm-none-linux-gnueabi --enable-threads --disable-libmudflap --disable-libssp --disable-libstdcxx-pch --with-gnu-as --with-gnu-ld --with-specs='%{funwind-tables|fno-unwind-tables|mabi=*|ffreestanding|nostdlib:;:-funwind-tables}' --enable-languages=c,c++ --enable-shared --enable-symvers=gnu --enable-__cxa_atexit --with-pkgversion='Sourcery G++ Lite 2009q1-203' --with-bugurl=https://support.codesourcery.com/GNUToolchain/ --disable-nls --prefix=/opt/codesourcery --with-sysroot=/opt/codesourcery/arm-none-linux-gnueabi/libc --with-build-sysroot=/scratch/mitchell/builds/4.3-arm-none-linux-gnueabi-respin/lite/install/arm-none-linux-gnueabi/libc --with-gmp=/scratch/mitchell/builds/4.3-arm-none-linux-gnueabi-respin/lite/obj/host-libs-2009q1-203-arm-none-linux-gnueabi-i686-pc-linux-gnu/usr --with-mpfr=/scratch/mitchell/builds/4.3-arm-none-linux-gnueabi-respin/lite/obj/host-libs-2009q1-203-arm-none-linux-gnueabi-i686-pc-linux-gnu/usr --disable-libgomp --enable-poison-system-directories --with-build-time-tools=/scratch/mitchell/builds/4.3-arm-none-linux-gnueabi-respin/lite/install/arm-none-linux-gnueabi/bin --with-build-time-tools=/scratch/mitchell/builds/4.3-arm-none-linux-gnueabi-respin/lite/install/arm-none-linux-gnueabi/bin
Thread model: posix
gcc version 4.3.3 (Sourcery G++ Lite 2009q1-203) 
configure:5480: $? = 0
configure:5469: arm-none-linux-gnueabi-g++ -V >&5
arm-none-linux-gnueabi-g++: '-V' option must have argument
configure:5480: $? = 1
configure:5469: arm-none-linux-gnueabi-g++ -qversion >&5
arm-none-linux-gnueabi-g++: unrecognized option '-qversion'
arm-none-linux-gnueabi-g++: no input files
configure:5480: $? = 1
configure:5484: checking whether we are using the GNU C++ compiler
configure:5503: arm-none-linux-gnueabi-g++ -c   conftest.cpp >&5
configure:5503: $? = 0
configure:5512: result: yes
configure:5521: checking whether arm-none-linux-gnueabi-g++ accepts -g
configure:5541: arm-none-linux-gnueabi-g++ -c -g  conftest.cpp >&5
configure:5541: $? = 0
configure:5582: result: yes
configure:5607: checking dependency style of arm-none-linux-gnueabi-g++
configure:5697: result: gcc3
configure:5724: checking how to run the C++ preprocessor
configure:5751: arm-none-linux-gnueabi-g++ -E  conftest.cpp
configure:5751: $? = 0
configure:5765: arm-none-linux-gnueabi-g++ -E  conftest.cpp
conftest.cpp:22:28: error: ac_nonexistent.h: No such file or directory
configure:5765: $? = 1
configure: failed program was:
| /* confdefs.h */
| #define PACKAGE_NAME ""
| #define PACKAGE_TARNAME ""
| #define PACKAGE_VERSION ""
| #define PACKAGE_STRING ""
| #define PACKAGE_BUGREPORT ""
| #define PACKAGE_URL ""
| #define PACKAGE "alsa-lib"
| #define VERSION "1.0.21"
| #define STDC_HEADERS 1
| #define HAVE_SYS_TYPES_H 1
| #define HAVE_SYS_STAT_H 1
| #define HAVE_STDLIB_H 1
| #define HAVE_STRING_H 1
| #define HAVE_MEMORY_H 1
| #define HAVE_STRINGS_H 1
| #define HAVE_INTTYPES_H 1
| #define HAVE_STDINT_H 1
| #define HAVE_UNISTD_H 1
| #define HAVE_DLFCN_H 1
| /* end confdefs.h.  */
| #include <ac_nonexistent.h>
configure:5790: result: arm-none-linux-gnueabi-g++ -E
configure:5810: arm-none-linux-gnueabi-g++ -E  conftest.cpp
configure:5810: $? = 0
configure:5824: arm-none-linux-gnueabi-g++ -E  conftest.cpp
conftest.cpp:22:28: error: ac_nonexistent.h: No such file or directory
configure:5824: $? = 1
configure: failed program was:
| /* confdefs.h */
| #define PACKAGE_NAME ""
| #define PACKAGE_TARNAME ""
| #define PACKAGE_VERSION ""
| #define PACKAGE_STRING ""
| #define PACKAGE_BUGREPORT ""
| #define PACKAGE_URL ""
| #define PACKAGE "alsa-lib"
| #define VERSION "1.0.21"
| #define STDC_HEADERS 1
| #define HAVE_SYS_TYPES_H 1
| #define HAVE_SYS_STAT_H 1
| #define HAVE_STDLIB_H 1
| #define HAVE_STRING_H 1
| #define HAVE_MEMORY_H 1
| #define HAVE_STRINGS_H 1
| #define HAVE_INTTYPES_H 1
| #define HAVE_STDINT_H 1
| #define HAVE_UNISTD_H 1
| #define HAVE_DLFCN_H 1
| /* end confdefs.h.  */
| #include <ac_nonexistent.h>
configure:5864: checking for arm-none-linux-gnueabi-g77
configure:5894: result: no
configure:5864: checking for arm-none-linux-gnueabi-xlf
configure:5894: result: no
configure:5864: checking for arm-none-linux-gnueabi-f77
configure:5894: result: no
configure:5864: checking for arm-none-linux-gnueabi-frt
configure:5894: result: no
configure:5864: checking for arm-none-linux-gnueabi-pgf77
configure:5894: result: no
configure:5864: checking for arm-none-linux-gnueabi-cf77
configure:5894: result: no
configure:5864: checking for arm-none-linux-gnueabi-fort77
configure:5894: result: no
configure:5864: checking for arm-none-linux-gnueabi-fl32
configure:5894: result: no
configure:5864: checking for arm-none-linux-gnueabi-af77
configure:5894: result: no
configure:5864: checking for arm-none-linux-gnueabi-xlf90
configure:5894: result: no
configure:5864: checking for arm-none-linux-gnueabi-f90
configure:5894: result: no
configure:5864: checking for arm-none-linux-gnueabi-pgf90
configure:5894: result: no
configure:5864: checking for arm-none-linux-gnueabi-pghpf
configure:5894: result: no
configure:5864: checking for arm-none-linux-gnueabi-epcf90
configure:5894: result: no
configure:5864: checking for arm-none-linux-gnueabi-gfortran
configure:5894: result: no
configure:5864: checking for arm-none-linux-gnueabi-g95
configure:5894: result: no
configure:5864: checking for arm-none-linux-gnueabi-xlf95
configure:5894: result: no
configure:5864: checking for arm-none-linux-gnueabi-f95
configure:5894: result: no
configure:5864: checking for arm-none-linux-gnueabi-fort
configure:5894: result: no
configure:5864: checking for arm-none-linux-gnueabi-ifort
configure:5894: result: no
configure:5864: checking for arm-none-linux-gnueabi-ifc
configure:5894: result: no
configure:5864: checking for arm-none-linux-gnueabi-efc
configure:5894: result: no
configure:5864: checking for arm-none-linux-gnueabi-pgfortran
configure:5894: result: no
configure:5864: checking for arm-none-linux-gnueabi-pgf95
configure:5894: result: no
configure:5864: checking for arm-none-linux-gnueabi-lf95
configure:5894: result: no
configure:5864: checking for arm-none-linux-gnueabi-ftn
configure:5894: result: no
configure:5864: checking for arm-none-linux-gnueabi-nagfor
configure:5894: result: no
configure:5908: checking for g77
configure:5938: result: no
configure:5908: checking for xlf
configure:5938: result: no
configure:5908: checking for f77
configure:5938: result: no
configure:5908: checking for frt
configure:5938: result: no
configure:5908: checking for pgf77
configure:5938: result: no
configure:5908: checking for cf77
configure:5938: result: no
configure:5908: checking for fort77
configure:5938: result: no
configure:5908: checking for fl32
configure:5938: result: no
configure:5908: checking for af77
configure:5938: result: no
configure:5908: checking for xlf90
configure:5938: result: no
configure:5908: checking for f90
configure:5938: result: no
configure:5908: checking for pgf90
configure:5938: result: no
configure:5908: checking for pghpf
configure:5938: result: no
configure:5908: checking for epcf90
configure:5938: result: no
configure:5908: checking for gfortran
configure:5938: result: no
configure:5908: checking for g95
configure:5938: result: no
configure:5908: checking for xlf95
configure:5938: result: no
configure:5908: checking for f95
configure:5938: result: no
configure:5908: checking for fort
configure:5938: result: no
configure:5908: checking for ifort
configure:5938: result: no
configure:5908: checking for ifc
configure:5938: result: no
configure:5908: checking for efc
configure:5938: result: no
configure:5908: checking for pgfortran
configure:5938: result: no
configure:5908: checking for pgf95
configure:5938: result: no
configure:5908: checking for lf95
configure:5938: result: no
configure:5908: checking for ftn
configure:5938: result: no
configure:5908: checking for nagfor
configure:5938: result: no
configure:5961: checking for Fortran 77 compiler version
configure:5970:  --version >&5
./configure: line 5972: --version: command not found
configure:5981: $? = 127
configure:5970:  -v >&5
./configure: line 5972: -v: command not found
configure:5981: $? = 127
configure:5970:  -V >&5
./configure: line 5972: -V: command not found
configure:5981: $? = 127
configure:5970:  -qversion >&5
./configure: line 5972: -qversion: command not found
configure:5981: $? = 127
configure:5990: checking whether we are using the GNU Fortran 77 compiler
configure:6003:  -c  conftest.F >&5
./configure: line 2283: -c: command not found
configure:6003: $? = 127
configure: failed program was:
|       program main
| #ifndef __GNUC__
|        choke me
| #endif
| 
|       end
configure:6012: result: no
configure:6018: checking whether  accepts -g
configure:6029:  -c -g conftest.f >&5
./configure: line 2283: -c: command not found
configure:6029: $? = 127
configure: failed program was:
|       program main
| 
|       end
configure:6037: result: no
configure:6071: checking the maximum length of command line arguments
configure:6180: result: 32768
configure:6191: checking command to parse /home/rdp/work/arm-2009q1/bin/arm-none-linux-gnueabi-nm -B output from arm-none-linux-gnueabi-gcc object
configure:6296: arm-none-linux-gnueabi-gcc -c -g -O2  conftest.c >&5
configure:6299: $? = 0
configure:6303: /home/rdp/work/arm-2009q1/bin/arm-none-linux-gnueabi-nm -B conftest.o \| sed -n -e 's/^.*[ 	]\([ABCDGIRSTW][ABCDGIRSTW]*\)[ 	][ 	]*\([_A-Za-z][_A-Za-z0-9]*\)$/\1 \2 \2/p' \> conftest.nm
configure:6306: $? = 0
configure:6358: arm-none-linux-gnueabi-gcc -o conftest -g -O2   conftest.c conftstm.o >&5
configure:6361: $? = 0
configure:6399: result: ok
configure:6403: checking for objdir
configure:6418: result: .libs
configure:6470: checking for arm-none-linux-gnueabi-ar
configure:6486: found /home/rdp/work/arm-2009q1/bin/arm-none-linux-gnueabi-ar
configure:6497: result: arm-none-linux-gnueabi-ar
configure:6562: checking for arm-none-linux-gnueabi-ranlib
configure:6578: found /home/rdp/work/arm-2009q1/bin/arm-none-linux-gnueabi-ranlib
configure:6589: result: arm-none-linux-gnueabi-ranlib
configure:6654: checking for arm-none-linux-gnueabi-strip
configure:6681: result: arm-none-linux-gnueabi-strip
configure:7003: checking if arm-none-linux-gnueabi-gcc supports -fno-rtti -fno-exceptions
configure:7021: arm-none-linux-gnueabi-gcc -c -g -O2  -fno-rtti -fno-exceptions conftest.c >&5
cc1: warning: command line option "-fno-rtti" is valid for C++/ObjC++ but not for C
configure:7025: $? = 0
configure:7038: result: no
configure:7053: checking for arm-none-linux-gnueabi-gcc option to produce PIC
configure:7263: result: -fPIC
configure:7271: checking if arm-none-linux-gnueabi-gcc PIC flag -fPIC works
configure:7289: arm-none-linux-gnueabi-gcc -c -g -O2  -fPIC -DPIC conftest.c >&5
configure:7293: $? = 0
configure:7306: result: yes
configure:7334: checking if arm-none-linux-gnueabi-gcc static flag -static works
configure:7362: result: yes
configure:7372: checking if arm-none-linux-gnueabi-gcc supports -c -o file.o
configure:7393: arm-none-linux-gnueabi-gcc -c -g -O2  -o out/conftest2.o conftest.c >&5
configure:7397: $? = 0
configure:7419: result: yes
configure:7445: checking whether the arm-none-linux-gnueabi-gcc linker (/home/rdp/work/arm-2009q1/arm-none-linux-gnueabi/bin/ld) supports shared libraries
configure:8345: result: yes
configure:8366: checking whether -lc should be explicitly linked in
configure:8371: arm-none-linux-gnueabi-gcc -c -g -O2  conftest.c >&5
configure:8374: $? = 0
configure:8389: arm-none-linux-gnueabi-gcc -shared conftest.o  -v -Wl,-soname -Wl,conftest -o conftest 2\>\&1 \| grep  -lc  \>/dev/null 2\>\&1
configure:8392: $? = 0
configure:8404: result: no
configure:8412: checking dynamic linker characteristics
configure:9000: result: GNU/Linux ld.so
configure:9009: checking how to hardcode library paths into programs
configure:9034: result: immediate
configure:9048: checking whether stripping libraries is possible
configure:9053: result: yes
configure:9151: checking for shl_load
configure:9151: arm-none-linux-gnueabi-gcc -o conftest -g -O2   conftest.c  >&5
/tmp/cc2Po9YZ.o: In function `main':
/home/rdp/work/s3c6410-app/audio/alsa-lib-1.0.21/conftest.c:56: undefined reference to `shl_load'
collect2: ld returned 1 exit status
configure:9151: $? = 1
configure: failed program was:
| /* confdefs.h */
| #define PACKAGE_NAME ""
| #define PACKAGE_TARNAME ""
| #define PACKAGE_VERSION ""
| #define PACKAGE_STRING ""
| #define PACKAGE_BUGREPORT ""
| #define PACKAGE_URL ""
| #define PACKAGE "alsa-lib"
| #define VERSION "1.0.21"
| #define STDC_HEADERS 1
| #define HAVE_SYS_TYPES_H 1
| #define HAVE_SYS_STAT_H 1
| #define HAVE_STDLIB_H 1
| #define HAVE_STRING_H 1
| #define HAVE_MEMORY_H 1
| #define HAVE_STRINGS_H 1
| #define HAVE_INTTYPES_H 1
| #define HAVE_STDINT_H 1
| #define HAVE_UNISTD_H 1
| #define HAVE_DLFCN_H 1
| /* end confdefs.h.  */
| /* Define shl_load to an innocuous variant, in case <limits.h> declares shl_load.
|    For example, HP-UX 11i <limits.h> declares gettimeofday.  */
| #define shl_load innocuous_shl_load
| 
| /* System header to define __stub macros and hopefully few prototypes,
|     which can conflict with char shl_load (); below.
|     Prefer <limits.h> to <assert.h> if __STDC__ is defined, since
|     <limits.h> exists even on freestanding compilers.  */
| 
| #ifdef __STDC__
| # include <limits.h>
| #else
| # include <assert.h>
| #endif
| 
| #undef shl_load
| 
| /* Override any GCC internal prototype to avoid an error.
|    Use char because int might match the return type of a GCC
|    builtin and then its argument prototype would still apply.  */
| #ifdef __cplusplus
| extern "C"
| #endif
| char shl_load ();
| /* The GNU C library defines this for functions which it implements
|     to always fail with ENOSYS.  Some functions are actually named
|     something starting with __ and the normal name is an alias.  */
| #if defined __stub_shl_load || defined __stub___shl_load
| choke me
| #endif
| 
| int
| main ()
| {
| return shl_load ();
|   ;
|   return 0;
| }
configure:9151: result: no
configure:9155: checking for shl_load in -ldld
configure:9180: arm-none-linux-gnueabi-gcc -o conftest -g -O2   conftest.c -ldld   >&5
/home/rdp/work/arm-2009q1/bin/../lib/gcc/arm-none-linux-gnueabi/4.3.3/../../../../arm-none-linux-gnueabi/bin/ld: cannot find -ldld
collect2: ld returned 1 exit status
configure:9180: $? = 1
configure: failed program was:
| /* confdefs.h */
| #define PACKAGE_NAME ""
| #define PACKAGE_TARNAME ""
| #define PACKAGE_VERSION ""
| #define PACKAGE_STRING ""
| #define PACKAGE_BUGREPORT ""
| #define PACKAGE_URL ""
| #define PACKAGE "alsa-lib"
| #define VERSION "1.0.21"
| #define STDC_HEADERS 1
| #define HAVE_SYS_TYPES_H 1
| #define HAVE_SYS_STAT_H 1
| #define HAVE_STDLIB_H 1
| #define HAVE_STRING_H 1
| #define HAVE_MEMORY_H 1
| #define HAVE_STRINGS_H 1
| #define HAVE_INTTYPES_H 1
| #define HAVE_STDINT_H 1
| #define HAVE_UNISTD_H 1
| #define HAVE_DLFCN_H 1
| /* end confdefs.h.  */
| 
| /* Override any GCC internal prototype to avoid an error.
|    Use char because int might match the return type of a GCC
|    builtin and then its argument prototype would still apply.  */
| #ifdef __cplusplus
| extern "C"
| #endif
| char shl_load ();
| int
| main ()
| {
| return shl_load ();
|   ;
|   return 0;
| }
configure:9189: result: no
configure:9194: checking for dlopen
configure:9194: arm-none-linux-gnueabi-gcc -o conftest -g -O2   conftest.c  >&5
/tmp/cc4mnpAk.o: In function `main':
/home/rdp/work/s3c6410-app/audio/alsa-lib-1.0.21/conftest.c:56: undefined reference to `dlopen'
collect2: ld returned 1 exit status
configure:9194: $? = 1
configure: failed program was:
| /* confdefs.h */
| #define PACKAGE_NAME ""
| #define PACKAGE_TARNAME ""
| #define PACKAGE_VERSION ""
| #define PACKAGE_STRING ""
| #define PACKAGE_BUGREPORT ""
| #define PACKAGE_URL ""
| #define PACKAGE "alsa-lib"
| #define VERSION "1.0.21"
| #define STDC_HEADERS 1
| #define HAVE_SYS_TYPES_H 1
| #define HAVE_SYS_STAT_H 1
| #define HAVE_STDLIB_H 1
| #define HAVE_STRING_H 1
| #define HAVE_MEMORY_H 1
| #define HAVE_STRINGS_H 1
| #define HAVE_INTTYPES_H 1
| #define HAVE_STDINT_H 1
| #define HAVE_UNISTD_H 1
| #define HAVE_DLFCN_H 1
| /* end confdefs.h.  */
| /* Define dlopen to an innocuous variant, in case <limits.h> declares dlopen.
|    For example, HP-UX 11i <limits.h> declares gettimeofday.  */
| #define dlopen innocuous_dlopen
| 
| /* System header to define __stub macros and hopefully few prototypes,
|     which can conflict with char dlopen (); below.
|     Prefer <limits.h> to <assert.h> if __STDC__ is defined, since
|     <limits.h> exists even on freestanding compilers.  */
| 
| #ifdef __STDC__
| # include <limits.h>
| #else
| # include <assert.h>
| #endif
| 
| #undef dlopen
| 
| /* Override any GCC internal prototype to avoid an error.
|    Use char because int might match the return type of a GCC
|    builtin and then its argument prototype would still apply.  */
| #ifdef __cplusplus
| extern "C"
| #endif
| char dlopen ();
| /* The GNU C library defines this for functions which it implements
|     to always fail with ENOSYS.  Some functions are actually named
|     something starting with __ and the normal name is an alias.  */
| #if defined __stub_dlopen || defined __stub___dlopen
| choke me
| #endif
| 
| int
| main ()
| {
| return dlopen ();
|   ;
|   return 0;
| }
configure:9194: result: no
configure:9198: checking for dlopen in -ldl
configure:9223: arm-none-linux-gnueabi-gcc -o conftest -g -O2   conftest.c -ldl   >&5
configure:9223: $? = 0
configure:9232: result: yes
configure:9351: checking whether a program can dlopen itself
configure:9446: result: cross
configure:9569: checking if libtool supports shared libraries
configure:9571: result: yes
configure:9574: checking whether to build shared libraries
configure:9595: result: yes
configure:9598: checking whether to build static libraries
configure:9602: result: no
configure:9694: creating libtool
configure:10278: checking for ld used by arm-none-linux-gnueabi-g++
configure:10345: result: /home/rdp/work/arm-2009q1/arm-none-linux-gnueabi/bin/ld
configure:10352: checking if the linker (/home/rdp/work/arm-2009q1/arm-none-linux-gnueabi/bin/ld) is GNU ld
configure:10367: result: yes
configure:10418: checking whether the arm-none-linux-gnueabi-g++ linker (/home/rdp/work/arm-2009q1/arm-none-linux-gnueabi/bin/ld) supports shared libraries
configure:11298: result: yes
configure:11316: arm-none-linux-gnueabi-g++ -c -g -O2  conftest.cpp >&5
configure:11319: $? = 0
configure:11438: checking for arm-none-linux-gnueabi-g++ option to produce PIC
configure:11712: result: -fPIC
configure:11720: checking if arm-none-linux-gnueabi-g++ PIC flag -fPIC works
configure:11738: arm-none-linux-gnueabi-g++ -c -g -O2  -fPIC -DPIC conftest.cpp >&5
configure:11742: $? = 0
configure:11755: result: yes
configure:11783: checking if arm-none-linux-gnueabi-g++ static flag -static works
configure:11811: result: yes
configure:11821: checking if arm-none-linux-gnueabi-g++ supports -c -o file.o
configure:11842: arm-none-linux-gnueabi-g++ -c -g -O2  -o out/conftest2.o conftest.cpp >&5
configure:11846: $? = 0
configure:11868: result: yes
configure:11894: checking whether the arm-none-linux-gnueabi-g++ linker (/home/rdp/work/arm-2009q1/arm-none-linux-gnueabi/bin/ld) supports shared libraries
configure:11919: result: yes
configure:11986: checking dynamic linker characteristics
configure:12574: result: GNU/Linux ld.so
configure:12583: checking how to hardcode library paths into programs
configure:12608: result: immediate
configure:18647: checking for ANSI C header files
configure:18751: result: yes
configure:18762: checking for an ANSI C-conforming const
configure:18828: arm-none-linux-gnueabi-gcc -c -g -O2  conftest.c >&5
configure:18828: $? = 0
configure:18835: result: yes
configure:18843: checking for inline
configure:18859: arm-none-linux-gnueabi-gcc -c -g -O2  conftest.c >&5
configure:18859: $? = 0
configure:18867: result: inline
configure:18885: checking whether time.h and sys/time.h may both be included
configure:18905: arm-none-linux-gnueabi-gcc -c -g -O2  conftest.c >&5
configure:18905: $? = 0
configure:18912: result: yes
configure:18922: checking whether arm-none-linux-gnueabi-gcc needs -traditional
configure:18956: result: no
configure:18963: checking for hsearch_r
configure:18963: arm-none-linux-gnueabi-gcc -o conftest -g -O2   conftest.c  >&5
configure:18963: $? = 0
configure:18963: result: yes
configure:18980: checking for library version
configure:19005: result: major 1 minor 0 subminor 21 extrastr  extraver 1000000
configure:19063: checking for versioned symbols
configure:19090: result: yes
configure:19111: checking for symbolic-functions
configure:19130: result: no
configure:19144: checking for custom symbol prefixes
configure:19157: result: 
configure:19160: checking for debug
configure:19171: result: yes
configure:19182: checking for debug assert
configure:19198: result: no
configure:19203: checking for tmpdir
configure:19213: result: /tmp
configure:19221: checking for softfloat
configure:19236: result: no
configure:19245: checking for libdl
configure:19256: checking for dlsym in -ldl
configure:19281: arm-none-linux-gnueabi-gcc -o conftest -g -O2   conftest.c -ldl   >&5
configure:19281: $? = 0
configure:19290: result: yes
configure:19317: checking for pthread
configure:19328: checking for pthread_join in -lpthread
configure:19353: arm-none-linux-gnueabi-gcc -o conftest -g -O2   conftest.c -lpthread   >&5
configure:19353: $? = 0
configure:19362: result: yes
configure:19379: checking for librt
configure:19390: checking for clock_gettime in -lrt
configure:19415: arm-none-linux-gnueabi-gcc -o conftest -g -O2   conftest.c -lrt   >&5
configure:19415: $? = 0
configure:19424: result: yes
configure:19446: checking for architecture
configure:19477: result: arm
configure:19490: checking wordexp.h usability
configure:19490: arm-none-linux-gnueabi-gcc -c -g -O2  -D__arm__ conftest.c >&5
configure:19490: $? = 0
configure:19490: result: yes
configure:19490: checking wordexp.h presence
configure:19490: arm-none-linux-gnueabi-gcc -E  -D__arm__ conftest.c
configure:19490: $? = 0
configure:19490: result: yes
configure:19490: checking for wordexp.h
configure:19490: result: yes
configure:19501: checking for resmgr support
configure:19510: result: no
configure:19565: checking for aload* support
configure:19574: result: yes
configure:19582: checking for ALSA device file directory
configure:19600: result: /dev/snd/
configure:19603: checking for aload* device file directory
configure:19621: result: /dev/
configure:20579: creating ./config.status

## ---------------- ##
## Cache variables. ##
## ---------------- ##

ac_cv_build=x86_64-unknown-linux-gnu
ac_cv_c_compiler_gnu=yes
ac_cv_c_const=yes
ac_cv_c_inline=inline
ac_cv_cxx_compiler_gnu=yes
ac_cv_env_CCC_set=
ac_cv_env_CCC_value=
ac_cv_env_CC_set=
ac_cv_env_CC_value=
ac_cv_env_CFLAGS_set=
ac_cv_env_CFLAGS_value=
ac_cv_env_CPPFLAGS_set=
ac_cv_env_CPPFLAGS_value=
ac_cv_env_CPP_set=
ac_cv_env_CPP_value=
ac_cv_env_CXXCPP_set=
ac_cv_env_CXXCPP_value=
ac_cv_env_CXXFLAGS_set=
ac_cv_env_CXXFLAGS_value=
ac_cv_env_CXX_set=
ac_cv_env_CXX_value=
ac_cv_env_F77_set=
ac_cv_env_F77_value=
ac_cv_env_FFLAGS_set=
ac_cv_env_FFLAGS_value=
ac_cv_env_LDFLAGS_set=
ac_cv_env_LDFLAGS_value=
ac_cv_env_LIBS_set=
ac_cv_env_LIBS_value=
ac_cv_env_build_alias_set=
ac_cv_env_build_alias_value=
ac_cv_env_host_alias_set=set
ac_cv_env_host_alias_value=arm-none-linux-gnueabi
ac_cv_env_target_alias_set=
ac_cv_env_target_alias_value=
ac_cv_f77_compiler_gnu=no
ac_cv_func_dlopen=no
ac_cv_func_hsearch_r=yes
ac_cv_func_shl_load=no
ac_cv_header_dlfcn_h=yes
ac_cv_header_inttypes_h=yes
ac_cv_header_memory_h=yes
ac_cv_header_stdc=yes
ac_cv_header_stdint_h=yes
ac_cv_header_stdlib_h=yes
ac_cv_header_string_h=yes
ac_cv_header_strings_h=yes
ac_cv_header_sys_stat_h=yes
ac_cv_header_sys_types_h=yes
ac_cv_header_time=yes
ac_cv_header_unistd_h=yes
ac_cv_header_wordexp_h=yes
ac_cv_host=arm-none-linux-gnueabi
ac_cv_lib_dl_dlopen=yes
ac_cv_lib_dl_dlsym=yes
ac_cv_lib_dld_shl_load=no
ac_cv_lib_pthread_pthread_join=yes
ac_cv_lib_rt_clock_gettime=yes
ac_cv_objext=o
ac_cv_path_EGREP='/bin/grep -E'
ac_cv_path_GREP=/bin/grep
ac_cv_path_install='/usr/bin/install -c'
ac_cv_prog_AR=arm-none-linux-gnueabi-ar
ac_cv_prog_AWK=mawk
ac_cv_prog_CC=arm-none-linux-gnueabi-gcc
ac_cv_prog_CPP='arm-none-linux-gnueabi-gcc -E'
ac_cv_prog_CXX=arm-none-linux-gnueabi-g++
ac_cv_prog_CXXCPP='arm-none-linux-gnueabi-g++ -E'
ac_cv_prog_RANLIB=arm-none-linux-gnueabi-ranlib
ac_cv_prog_STRIP=arm-none-linux-gnueabi-strip
ac_cv_prog_cc_c89=
ac_cv_prog_cc_g=yes
ac_cv_prog_cxx_g=yes
ac_cv_prog_f77_g=no
ac_cv_prog_gcc_traditional=no
ac_cv_prog_make_make_set=yes
am_cv_CC_dependencies_compiler_type=gcc3
am_cv_CXX_dependencies_compiler_type=gcc3
lt_cv_deplibs_check_method=pass_all
lt_cv_dlopen=dlopen
lt_cv_dlopen_libs=-ldl
lt_cv_dlopen_self=cross
lt_cv_file_magic_cmd='$MAGIC_CMD'
lt_cv_file_magic_test_file=
lt_cv_ld_reload_flag=-r
lt_cv_objdir=.libs
lt_cv_path_LD=/home/rdp/work/arm-2009q1/arm-none-linux-gnueabi/bin/ld
lt_cv_path_LDCXX=/home/rdp/work/arm-2009q1/arm-none-linux-gnueabi/bin/ld
lt_cv_path_NM='/home/rdp/work/arm-2009q1/bin/arm-none-linux-gnueabi-nm -B'
lt_cv_path_SED=/bin/sed
lt_cv_prog_compiler_c_o=yes
lt_cv_prog_compiler_c_o_CXX=yes
lt_cv_prog_compiler_rtti_exceptions=no
lt_cv_prog_gnu_ld=yes
lt_cv_prog_gnu_ldcxx=yes
lt_cv_sys_global_symbol_pipe='sed -n -e '\''s/^.*[ 	]\([ABCDGIRSTW][ABCDGIRSTW]*\)[ 	][ 	]*\([_A-Za-z][_A-Za-z0-9]*\)$/\1 \2 \2/p'\'''
lt_cv_sys_global_symbol_to_c_name_address='sed -n -e '\''s/^: \([^ ]*\) $/  {\"\1\", (lt_ptr) 0},/p'\'' -e '\''s/^[BCDEGRST] \([^ ]*\) \([^ ]*\)$/  {"\2", (lt_ptr) \&\2},/p'\'''
lt_cv_sys_global_symbol_to_cdecl='sed -n -e '\''s/^. .* \(.*\)$/extern int \1;/p'\'''
lt_cv_sys_max_cmd_len=32768
lt_lt_cv_prog_compiler_c_o='"yes"'
lt_lt_cv_prog_compiler_c_o_CXX='"yes"'
lt_lt_cv_sys_global_symbol_pipe='"sed -n -e '\''s/^.*[ 	]\\([ABCDGIRSTW][ABCDGIRSTW]*\\)[ 	][ 	]*\\([_A-Za-z][_A-Za-z0-9]*\\)\$/\\1 \\2 \\2/p'\''"'
lt_lt_cv_sys_global_symbol_to_c_name_address='"sed -n -e '\''s/^: \\([^ ]*\\) \$/  {\\\"\\1\\\", (lt_ptr) 0},/p'\'' -e '\''s/^[BCDEGRST] \\([^ ]*\\) \\([^ ]*\\)\$/  {\"\\2\", (lt_ptr) \\&\\2},/p'\''"'
lt_lt_cv_sys_global_symbol_to_cdecl='"sed -n -e '\''s/^. .* \\(.*\\)\$/extern int \\1;/p'\''"'

## ----------------- ##
## Output variables. ##
## ----------------- ##

ACLOCAL='${SHELL} /home/rdp/work/s3c6410-app/audio/alsa-lib-1.0.21/missing --run aclocal-1.9'
ALSA_CONFIG_DIR='/home/rdp/sipvg/share/alsa'
ALSA_DEPLIBS='-lm -ldl -lpthread -lrt'
ALSA_HSEARCH_R_FALSE=''
ALSA_HSEARCH_R_TRUE='#'
ALSA_PLUGIN_DIR='/home/rdp/sipvg/lib/alsa-lib'
AMDEPBACKSLASH='\'
AMDEP_FALSE='#'
AMDEP_TRUE=''
AMTAR='${SHELL} /home/rdp/work/s3c6410-app/audio/alsa-lib-1.0.21/missing --run tar'
AR='arm-none-linux-gnueabi-ar'
AUTOCONF='${SHELL} /home/rdp/work/s3c6410-app/audio/alsa-lib-1.0.21/missing --run autoconf'
AUTOHEADER='${SHELL} /home/rdp/work/s3c6410-app/audio/alsa-lib-1.0.21/missing --run autoheader'
AUTOMAKE='${SHELL} /home/rdp/work/s3c6410-app/audio/alsa-lib-1.0.21/missing --run automake-1.9'
AWK='mawk'
BUILD_ALISP_FALSE='#'
BUILD_ALISP_TRUE=''
BUILD_CTL_PLUGIN_EXT_FALSE='#'
BUILD_CTL_PLUGIN_EXT_TRUE=''
BUILD_CTL_PLUGIN_FALSE='#'
BUILD_CTL_PLUGIN_SHM_FALSE='#'
BUILD_CTL_PLUGIN_SHM_TRUE=''
BUILD_CTL_PLUGIN_TRUE=''
BUILD_HWDEP_FALSE='#'
BUILD_HWDEP_TRUE=''
BUILD_MIXER_FALSE='#'
BUILD_MIXER_TRUE=''
BUILD_MODULES_FALSE='#'
BUILD_MODULES_TRUE=''
BUILD_PCM_FALSE='#'
BUILD_PCM_PLUGIN_ADPCM_FALSE='#'
BUILD_PCM_PLUGIN_ADPCM_TRUE=''
BUILD_PCM_PLUGIN_ALAW_FALSE='#'
BUILD_PCM_PLUGIN_ALAW_TRUE=''
BUILD_PCM_PLUGIN_ASYM_FALSE='#'
BUILD_PCM_PLUGIN_ASYM_TRUE=''
BUILD_PCM_PLUGIN_COPY_FALSE='#'
BUILD_PCM_PLUGIN_COPY_TRUE=''
BUILD_PCM_PLUGIN_DMIX_FALSE='#'
BUILD_PCM_PLUGIN_DMIX_TRUE=''
BUILD_PCM_PLUGIN_DSHARE_FALSE='#'
BUILD_PCM_PLUGIN_DSHARE_TRUE=''
BUILD_PCM_PLUGIN_DSNOOP_FALSE='#'
BUILD_PCM_PLUGIN_DSNOOP_TRUE=''
BUILD_PCM_PLUGIN_EMPTY_FALSE='#'
BUILD_PCM_PLUGIN_EMPTY_TRUE=''
BUILD_PCM_PLUGIN_EXTPLUG_FALSE='#'
BUILD_PCM_PLUGIN_EXTPLUG_TRUE=''
BUILD_PCM_PLUGIN_FALSE='#'
BUILD_PCM_PLUGIN_FILE_FALSE='#'
BUILD_PCM_PLUGIN_FILE_TRUE=''
BUILD_PCM_PLUGIN_HOOKS_FALSE='#'
BUILD_PCM_PLUGIN_HOOKS_TRUE=''
BUILD_PCM_PLUGIN_IEC958_FALSE='#'
BUILD_PCM_PLUGIN_IEC958_TRUE=''
BUILD_PCM_PLUGIN_IOPLUG_FALSE='#'
BUILD_PCM_PLUGIN_IOPLUG_TRUE=''
BUILD_PCM_PLUGIN_LADSPA_FALSE='#'
BUILD_PCM_PLUGIN_LADSPA_TRUE=''
BUILD_PCM_PLUGIN_LFLOAT_FALSE='#'
BUILD_PCM_PLUGIN_LFLOAT_TRUE=''
BUILD_PCM_PLUGIN_LINEAR_FALSE='#'
BUILD_PCM_PLUGIN_LINEAR_TRUE=''
BUILD_PCM_PLUGIN_METER_FALSE='#'
BUILD_PCM_PLUGIN_METER_TRUE=''
BUILD_PCM_PLUGIN_MMAP_EMUL_FALSE='#'
BUILD_PCM_PLUGIN_MMAP_EMUL_TRUE=''
BUILD_PCM_PLUGIN_MULAW_FALSE='#'
BUILD_PCM_PLUGIN_MULAW_TRUE=''
BUILD_PCM_PLUGIN_MULTI_FALSE='#'
BUILD_PCM_PLUGIN_MULTI_TRUE=''
BUILD_PCM_PLUGIN_NULL_FALSE='#'
BUILD_PCM_PLUGIN_NULL_TRUE=''
BUILD_PCM_PLUGIN_PLUG_FALSE='#'
BUILD_PCM_PLUGIN_PLUG_TRUE=''
BUILD_PCM_PLUGIN_RATE_FALSE='#'
BUILD_PCM_PLUGIN_RATE_TRUE=''
BUILD_PCM_PLUGIN_ROUTE_FALSE='#'
BUILD_PCM_PLUGIN_ROUTE_TRUE=''
BUILD_PCM_PLUGIN_SHARE_FALSE='#'
BUILD_PCM_PLUGIN_SHARE_TRUE=''
BUILD_PCM_PLUGIN_SHM_FALSE='#'
BUILD_PCM_PLUGIN_SHM_TRUE=''
BUILD_PCM_PLUGIN_SOFTVOL_FALSE='#'
BUILD_PCM_PLUGIN_SOFTVOL_TRUE=''
BUILD_PCM_PLUGIN_TRUE=''
BUILD_PCM_TRUE=''
BUILD_PYTHON_FALSE=''
BUILD_PYTHON_TRUE='#'
BUILD_RAWMIDI_FALSE='#'
BUILD_RAWMIDI_TRUE=''
BUILD_SEQ_FALSE='#'
BUILD_SEQ_TRUE=''
CC='arm-none-linux-gnueabi-gcc'
CCDEPMODE='depmode=gcc3'
CFLAGS='-g -O2'
CPP='arm-none-linux-gnueabi-gcc -E'
CPPFLAGS=' -D__arm__'
CXX='arm-none-linux-gnueabi-g++'
CXXCPP='arm-none-linux-gnueabi-g++ -E'
CXXDEPMODE='depmode=gcc3'
CXXFLAGS='-g -O2'
CYGPATH_W='echo'
DEFS='-DHAVE_CONFIG_H'
DEPDIR='.deps'
ECHO='echo'
ECHO_C=''
ECHO_N='-n'
ECHO_T=''
EGREP='/bin/grep -E'
EXEEXT=''
F77=''
FFLAGS=''
GREP='/bin/grep'
INSTALL_DATA='${INSTALL} -m 644'
INSTALL_M4_FALSE='#'
INSTALL_M4_TRUE=''
INSTALL_PROGRAM='${INSTALL}'
INSTALL_SCRIPT='${INSTALL}'
INSTALL_STRIP_PROGRAM='${SHELL} $(install_sh) -c -s'
KEEP_OLD_SYMBOLS_FALSE='#'
KEEP_OLD_SYMBOLS_TRUE=''
LDFLAGS=''
LIBOBJS=''
LIBS=''
LIBTOOL='$(SHELL) $(top_builddir)/libtool'
LIBTOOL_VERSION_INFO='2:0:0'
LN_S='ln -s'
LTLIBOBJS=''
MAKEINFO='${SHELL} /home/rdp/work/s3c6410-app/audio/alsa-lib-1.0.21/missing --run makeinfo'
OBJEXT='o'
PACKAGE='alsa-lib'
PACKAGE_BUGREPORT=''
PACKAGE_NAME=''
PACKAGE_STRING=''
PACKAGE_TARNAME=''
PACKAGE_URL=''
PACKAGE_VERSION=''
PATH_SEPARATOR=':'
PYTHON_INCLUDES=''
PYTHON_LIBS=''
RANLIB='arm-none-linux-gnueabi-ranlib'
SET_MAKE=''
SHELL='/bin/bash'
SND_LIB_EXTRAVER='1000000'
SND_LIB_MAJOR='1'
SND_LIB_MINOR='0'
SND_LIB_SUBMINOR='21'
SND_LIB_VERSION='1.0.21'
STRIP='arm-none-linux-gnueabi-strip'
SYMBOLIC_FUNCTIONS_FALSE=''
SYMBOLIC_FUNCTIONS_TRUE='#'
SYMBOL_PREFIX=''
VERSION='1.0.21'
VERSIONED_SYMBOLS_FALSE='#'
VERSIONED_SYMBOLS_TRUE=''
ac_ct_CC=''
ac_ct_CXX=''
ac_ct_F77=''
am__fastdepCC_FALSE='#'
am__fastdepCC_TRUE=''
am__fastdepCXX_FALSE='#'
am__fastdepCXX_TRUE=''
am__include='include'
am__leading_dot='.'
am__quote=''
am__tar='${AMTAR} chof - "$$tardir"'
am__untar='${AMTAR} xf -'
bindir='${exec_prefix}/bin'
build='x86_64-unknown-linux-gnu'
build_alias=''
build_cpu='x86_64'
build_os='linux-gnu'
build_vendor='unknown'
datadir='${datarootdir}'
datarootdir='${prefix}/share'
docdir='${datarootdir}/doc/${PACKAGE}'
dvidir='${docdir}'
exec_prefix='/home/rdp/sipvg'
host='arm-none-linux-gnueabi'
host_alias='arm-none-linux-gnueabi'
host_cpu='arm'
host_os='linux-gnueabi'
host_vendor='none'
htmldir='${docdir}'
includedir='${prefix}/include'
infodir='${datarootdir}/info'
install_sh='/home/rdp/work/s3c6410-app/audio/alsa-lib-1.0.21/install-sh'
libdir='${exec_prefix}/lib'
libexecdir='${exec_prefix}/libexec'
localedir='${datarootdir}/locale'
localstatedir='${prefix}/var'
mandir='${datarootdir}/man'
mkdir_p='mkdir -p --'
oldincludedir='/usr/include'
pdfdir='${docdir}'
prefix='/home/rdp/sipvg'
program_transform_name='s,x,x,'
psdir='${docdir}'
sbindir='${exec_prefix}/sbin'
sharedstatedir='${prefix}/com'
sysconfdir='${prefix}/etc'
target_alias=''

## ----------- ##
## confdefs.h. ##
## ----------- ##

/* confdefs.h */
#define PACKAGE_NAME ""
#define PACKAGE_TARNAME ""
#define PACKAGE_VERSION ""
#define PACKAGE_STRING ""
#define PACKAGE_BUGREPORT ""
#define PACKAGE_URL ""
#define PACKAGE "alsa-lib"
#define VERSION "1.0.21"
#define STDC_HEADERS 1
#define HAVE_SYS_TYPES_H 1
#define HAVE_SYS_STAT_H 1
#define HAVE_STDLIB_H 1
#define HAVE_STRING_H 1
#define HAVE_MEMORY_H 1
#define HAVE_STRINGS_H 1
#define HAVE_INTTYPES_H 1
#define HAVE_STDINT_H 1
#define HAVE_UNISTD_H 1
#define HAVE_DLFCN_H 1
#define STDC_HEADERS 1
#define TIME_WITH_SYS_TIME 1
#define VERSION "1.0.21"
#define ALSA_CONFIG_DIR "/home/rdp/sipvg/share/alsa"
#define ALSA_PLUGIN_DIR "/home/rdp/sipvg/lib/alsa-lib"
#define VERSIONED_SYMBOLS /**/
#define __SYMBOL_PREFIX ""
#define TMPDIR "/tmp"
#define HAVE_LIBDL 1
#define HAVE_LIBPTHREAD 1
#define HAVE_LIBRT 1
#define HAVE_CLOCK_GETTIME 1
#define HAVE_WORDEXP_H 1
#define SUPPORT_ALOAD "1"
#define ALSA_DEVICE_DIRECTORY "/dev/snd/"
#define ALOAD_DEVICE_DIRECTORY "/dev/"
#define BUILD_MIXER "1"
#define BUILD_PCM "1"
#define BUILD_RAWMIDI "1"
#define BUILD_HWDEP "1"
#define BUILD_SEQ "1"
#define BUILD_PCM_PLUGIN_RATE "1"
#define BUILD_PCM_PLUGIN_ROUTE "1"
#define BUILD_PCM_PLUGIN_LFLOAT "1"
#define BUILD_PCM_PLUGIN_ADPCM "1"
#define BUILD_PCM_PLUGIN_MULAW "1"
#define BUILD_PCM_PLUGIN_ALAW "1"
#define BUILD_PCM_PLUGIN_MMAP_EMUL "1"

configure: exit 0

## ---------------------- ##
## Running config.status. ##
## ---------------------- ##

This file was extended by config.status, which was
generated by GNU Autoconf 2.69.  Invocation command line was

  CONFIG_FILES    = 
  CONFIG_HEADERS  = 
  CONFIG_LINKS    = 
  CONFIG_COMMANDS = 
  $ ./config.status 

on rdp-virtual-machine

config.status:1024: creating Makefile
config.status:1024: creating doc/Makefile
config.status:1024: creating doc/pictures/Makefile
config.status:1024: creating doc/doxygen.cfg
config.status:1024: creating include/Makefile
config.status:1024: creating include/sound/Makefile
config.status:1024: creating src/Versions
config.status:1024: creating src/Makefile
config.status:1024: creating src/control/Makefile
config.status:1024: creating src/mixer/Makefile
config.status:1024: creating src/pcm/Makefile
config.status:1024: creating src/pcm/scopes/Makefile
config.status:1024: creating src/rawmidi/Makefile
config.status:1024: creating src/timer/Makefile
config.status:1024: creating src/hwdep/Makefile
config.status:1024: creating src/seq/Makefile
config.status:1024: creating src/compat/Makefile
config.status:1024: creating src/alisp/Makefile
config.status:1024: creating src/conf/Makefile
config.status:1024: creating src/conf/cards/Makefile
config.status:1024: creating src/conf/pcm/Makefile
config.status:1024: creating modules/Makefile
config.status:1024: creating modules/mixer/Makefile
config.status:1024: creating modules/mixer/simple/Makefile
config.status:1024: creating alsalisp/Makefile
config.status:1024: creating aserver/Makefile
config.status:1024: creating test/Makefile
config.status:1024: creating test/lsb/Makefile
config.status:1024: creating utils/Makefile
config.status:1024: creating utils/alsa-lib.spec
config.status:1024: creating utils/alsa.pc
config.status:1024: creating include/config.h
config.status:1246: executing depfiles commands
